<?xml version="1.0" encoding="UTF-8"?>
<!-- Generated by org.testng.reporters.JUnitReportReporter -->
<testsuite hostname="DESKTOP-CATI3JI" failures="0" tests="1" name="basics.launchBrowsers" time="52.726" errors="0" timestamp="17 Sep 2019 10:29:55 GMT" skipped="0">
  <testcase classname="basics.launchBrowsers" name="LaunchBrowsers" time="52.726"/>
</testsuite> <!-- basics.launchBrowsers -->
