<?xml version="1.0" encoding="UTF-8"?>
<!-- Generated by org.testng.reporters.JUnitReportReporter -->
<testsuite hostname="DESKTOP-CATI3JI" failures="0" tests="1" name="basics.AutoitDemo" time="15.575" errors="0" timestamp="18 Sep 2019 12:20:29 GMT" skipped="0">
  <testcase classname="basics.AutoitDemo" name="autoItDemo" time="15.575"/>
</testsuite> <!-- basics.AutoitDemo -->
